#
# There is insufficient memory for the Java Runtime Environment to continue.
# Native memory allocation (mmap) failed to map 65536 bytes. Error detail: Failed to commit metaspace.
# Possible reasons:
#   The system is out of physical RAM or swap space
#   This process is running with CompressedOops enabled, and the Java Heap may be blocking the growth of the native heap
# Possible solutions:
#   Reduce memory load on the system
#   Increase physical memory or swap space
#   Check if swap backing store is full
#   Decrease Java heap size (-Xmx/-Xms)
#   Decrease number of Java threads
#   Decrease Java thread stack sizes (-Xss)
#   Set larger code cache with -XX:ReservedCodeCacheSize=
#   JVM is running with Unscaled Compressed Oops mode in which the Java heap is
#     placed in the first 4GB address space. The Java Heap base address is the
#     maximum limit for the native heap growth. Please use -XX:HeapBaseMinAddress
#     to set the Java Heap base and to place the Java Heap above 4GB virtual address.
# This output file may be truncated or incomplete.
#
#  Out of Memory Error (virtualSpaceNode.cpp:110), pid=14860, tid=14616
#
# JRE version: OpenJDK Runtime Environment Temurin-17.0.12+7 (17.0.12+7) (build 17.0.12+7)
# Java VM: OpenJDK 64-Bit Server VM Temurin-17.0.12+7 (17.0.12+7, mixed mode, tiered, compressed oops, compressed class ptrs, parallel gc, windows-amd64)
# No core dump will be written. Minidumps are not enabled by default on client versions of Windows
#

---------------  S U M M A R Y ------------

Command Line: --add-modules=ALL-SYSTEM --add-opens=java.base/java.util=ALL-UNNAMED --add-opens=java.base/java.lang=ALL-UNNAMED --add-opens=java.base/sun.nio.fs=ALL-UNNAMED -Declipse.application=org.eclipse.jdt.ls.core.id1 -Dosgi.bundles.defaultStartLevel=4 -Declipse.product=org.eclipse.jdt.ls.core.product -Djava.import.generatesMetadataFilesAtProjectRoot=false -DDetectVMInstallationsJob.disabled=true -Dfile.encoding=utf8 -XX:+UseParallelGC -XX:GCTimeRatio=4 -XX:AdaptiveSizePolicyWeight=90 -Dsun.zip.disableMemoryMapping=true -Xmx1G -Xms100m -Xlog:disable -javaagent:c:\Users\Subhankar\.vscode\extensions\redhat.java-1.35.1-win32-x64\lombok\lombok-1.18.33.jar -XX:+HeapDumpOnOutOfMemoryError -XX:HeapDumpPath=c:\Users\Subhankar\AppData\Roaming\Code\User\workspaceStorage\e66e02d49506df39e406fb51e85f1d06\redhat.java -Daether.dependencyCollector.impl=bf c:\Users\Subhankar\.vscode\extensions\redhat.java-1.35.1-win32-x64\server\plugins\org.eclipse.equinox.launcher_1.6.900.v20240613-2009.jar -configuration c:\Users\Subhankar\AppData\Roaming\Code\User\globalStorage\redhat.java\1.35.1\config_win -data c:\Users\Subhankar\AppData\Roaming\Code\User\workspaceStorage\e66e02d49506df39e406fb51e85f1d06\redhat.java\jdt_ws --pipe=\\.\pipe\lsp-5e80cc41c32d200a6c5bc99f327ac285-sock

Host: 11th Gen Intel(R) Core(TM) i5-1145G7 @ 2.60GHz, 6 cores, 3G,  Windows 10 , 64 bit Build 19041 (10.0.19041.4842)
Time: Thu Oct 10 17:47:24 2024 India Standard Time elapsed time: 2.275348 seconds (0d 0h 0m 2s)

---------------  T H R E A D  ---------------

Current thread (0x000001e7072db410):  JavaThread "main" [_thread_in_vm, id=14616, stack(0x00000031f1200000,0x00000031f1300000)]

Stack: [0x00000031f1200000,0x00000031f1300000]
Native frames: (J=compiled Java code, j=interpreted, Vv=VM code, C=native code)
V  [jvm.dll+0x67f929]
V  [jvm.dll+0x8371ba]
V  [jvm.dll+0x838c7e]
V  [jvm.dll+0x8392e3]
V  [jvm.dll+0x24834f]
V  [jvm.dll+0x832e6d]
V  [jvm.dll+0x623e9e]
V  [jvm.dll+0x623f0a]
V  [jvm.dll+0x626724]
V  [jvm.dll+0x624846]
V  [jvm.dll+0x36f772]
V  [jvm.dll+0x1e3b1b]
V  [jvm.dll+0x5446b7]
V  [jvm.dll+0x1f2ce7]
V  [jvm.dll+0x7b056b]
V  [jvm.dll+0x7b1939]
V  [jvm.dll+0x7b1c88]
V  [jvm.dll+0x2404de]
V  [jvm.dll+0x3833fe]
C  0x000001e712c9afa5

The last pc belongs to new (printed below).
Java frames: (J=compiled Java code, j=interpreted, Vv=VM code)
j  java.util.regex.Pattern.expr(Ljava/util/regex/Pattern$Node;)Ljava/util/regex/Pattern$Node;+107 java.base@17.0.12
j  java.util.regex.Pattern.group0()Ljava/util/regex/Pattern$Node;+126 java.base@17.0.12
j  java.util.regex.Pattern.sequence(Ljava/util/regex/Pattern$Node;)Ljava/util/regex/Pattern$Node;+137 java.base@17.0.12
j  java.util.regex.Pattern.expr(Ljava/util/regex/Pattern$Node;)Ljava/util/regex/Pattern$Node;+12 java.base@17.0.12
j  java.util.regex.Pattern.compile()V+222 java.base@17.0.12
j  java.util.regex.Pattern.<init>(Ljava/lang/String;I)V+109 java.base@17.0.12
j  java.util.regex.Pattern.compile(Ljava/lang/String;)Ljava/util/regex/Pattern;+6 java.base@17.0.12
j  lombok.patcher.MethodTarget.<clinit>()V+2
v  ~StubRoutines::call_stub
j  lombok.eclipse.agent.EclipseLoaderPatcher.patchEquinoxLoaders(Llombok/patcher/ScriptManager;Ljava/lang/Class;)V+4
j  lombok.eclipse.agent.EclipsePatcher.registerPatchScripts(Ljava/lang/instrument/Instrumentation;ZLjava/lang/Class;)V+44
j  lombok.eclipse.agent.EclipsePatcher.runAgent(Ljava/lang/String;Ljava/lang/instrument/Instrumentation;ZLjava/lang/Class;)V+4
j  lombok.core.AgentLauncher.runAgents(Ljava/lang/String;Ljava/lang/instrument/Instrumentation;ZLjava/lang/Class;)V+62
v  ~StubRoutines::call_stub
j  jdk.internal.reflect.NativeMethodAccessorImpl.invoke0(Ljava/lang/reflect/Method;Ljava/lang/Object;[Ljava/lang/Object;)Ljava/lang/Object;+0 java.base@17.0.12
j  jdk.internal.reflect.NativeMethodAccessorImpl.invoke(Ljava/lang/Object;[Ljava/lang/Object;)Ljava/lang/Object;+133 java.base@17.0.12
j  jdk.internal.reflect.DelegatingMethodAccessorImpl.invoke(Ljava/lang/Object;[Ljava/lang/Object;)Ljava/lang/Object;+6 java.base@17.0.12
j  java.lang.reflect.Method.invoke(Ljava/lang/Object;[Ljava/lang/Object;)Ljava/lang/Object;+59 java.base@17.0.12
j  lombok.launch.Agent.runLauncher(Ljava/lang/String;Ljava/lang/instrument/Instrumentation;Z)V+73
j  lombok.launch.Agent.premain(Ljava/lang/String;Ljava/lang/instrument/Instrumentation;)V+3
v  ~StubRoutines::call_stub
j  jdk.internal.reflect.NativeMethodAccessorImpl.invoke0(Ljava/lang/reflect/Method;Ljava/lang/Object;[Ljava/lang/Object;)Ljava/lang/Object;+0 java.base@17.0.12
j  jdk.internal.reflect.NativeMethodAccessorImpl.invoke(Ljava/lang/Object;[Ljava/lang/Object;)Ljava/lang/Object;+133 java.base@17.0.12
j  jdk.internal.reflect.DelegatingMethodAccessorImpl.invoke(Ljava/lang/Object;[Ljava/lang/Object;)Ljava/lang/Object;+6 java.base@17.0.12
j  java.lang.reflect.Method.invoke(Ljava/lang/Object;[Ljava/lang/Object;)Ljava/lang/Object;+59 java.base@17.0.12
j  sun.instrument.InstrumentationImpl.loadClassAndStartAgent(Ljava/lang/String;Ljava/lang/String;Ljava/lang/String;)V+166 java.instrument@17.0.12
j  sun.instrument.InstrumentationImpl.loadClassAndCallPremain(Ljava/lang/String;Ljava/lang/String;)V+6 java.instrument@17.0.12
v  ~StubRoutines::call_stub
new  187 new  [0x000001e712c9ae20, 0x000001e712c9b040]  544 bytes
[MachCode]
  0x000001e712c9ae20: 4883 ec08 | c5fa 1104 | 24eb 1f48 | 83ec 10c5 | fb11 0424 | eb14 4883 | ec10 4889 | 0424 48c7 
  0x000001e712c9ae40: 4424 0800 | 0000 00eb | 0150 410f | b755 010f | cac1 ea10 | 488b 4de8 | 488b 4908 | 488b 4908 
  0x000001e712c9ae60: 488b 4108 | 807c 1004 | 070f 85d6 | 0000 0066 | 8b54 d148 | 488b 4928 | 488b 4cd1 | 0851 80b9 
  0x000001e712c9ae80: 3301 0000 | 040f 85b9 | 0000 008b | 5108 f7c2 | 0100 0000 | 0f85 aa00 | 0000 498b | 8708 0100 
  0x000001e712c9aea0: 0048 8d1c | 1049 3b9f | 1801 0000 | 0f87 9200 | 0000 4989 | 9f08 0100 | 00e9 0000 | 0000 4883 
  0x000001e712c9aec0: ea10 0f84 | 0f00 0000 | 33c9 c1ea | 0348 894c | d008 48ff | ca75 f648 | c700 0100 | 0000 5933 
  0x000001e712c9aee0: f689 700c | 48c1 e903 | 8948 0849 | bad9 b500 | e0f8 7f00 | 0041 803a | 000f 8440 | 0000 0050 
  0x000001e712c9af00: 488b c848 | 83ec 20f7 | c40f 0000 | 000f 841a | 0000 0048 | 83ec 0849 | bab0 4cb6 | dff8 7f00 
  0x000001e712c9af20: 0041 ffd2 | 4883 c408 | e90d 0000 | 0049 bab0 | 4cb6 dff8 | 7f00 0041 | ffd2 4883 | c420 58e9 
  0x000001e712c9af40: cd00 0000 | 5948 8b55 | e848 8b52 | 0848 8b52 | 0845 0fb7 | 4501 410f | c841 c1e8 | 10e8 0500 
  0x000001e712c9af60: 0000 e9aa | 0000 0048 | 8d44 2408 | 4c89 6dc0 | 498b cfc5 | f877 4989 | afa8 0200 | 0049 8987 
  0x000001e712c9af80: 9802 0000 | 4883 ec20 | f7c4 0f00 | 0000 0f84 | 1a00 0000 | 4883 ec08 | 49ba b033 | 80df f87f 
  0x000001e712c9afa0: 0000 41ff | d248 83c4 | 08e9 0d00 | 0000 49ba | b033 80df | f87f 0000 | 41ff d248 | 83c4 2049 
  0x000001e712c9afc0: c787 9802 | 0000 0000 | 0000 49c7 | 87a8 0200 | 0000 0000 | 0049 c787 | a002 0000 | 0000 0000 
  0x000001e712c9afe0: c5f8 7749 | 817f 0800 | 0000 000f | 8405 0000 | 00e9 0a5f | feff 498b | 87f0 0200 | 0049 c787 
  0x000001e712c9b000: f002 0000 | 0000 0000 | 4c8b 6dc0 | 4c8b 75c8 | c341 0fb6 | 5d03 4983 | c503 49ba | 9022 03e0 
  0x000001e712c9b020: f87f 0000 | 41ff 24da | 0000 0000 | 0000 0000 | 0000 0000 | 0000 0000 | 0000 0000 | 0000 0000 
[/MachCode]

---------------  P R O C E S S  ---------------

Threads class SMR info:
_java_thread_list=0x000001e722a00df0, length=11, elements={
0x000001e7072db410, 0x000001e70739eaa0, 0x000001e71d0b22b0, 0x000001e71d0c6c10,
0x000001e71d0c76e0, 0x000001e722886550, 0x000001e722886e20, 0x000001e72288e060,
0x000001e7228901d0, 0x000001e72289b2c0, 0x000001e7229aa390
}

Java Threads: ( => current thread )
=>0x000001e7072db410 JavaThread "main" [_thread_in_vm, id=14616, stack(0x00000031f1200000,0x00000031f1300000)]
  0x000001e70739eaa0 JavaThread "Reference Handler" daemon [_thread_blocked, id=9952, stack(0x00000031f1500000,0x00000031f1600000)]
  0x000001e71d0b22b0 JavaThread "Finalizer" daemon [_thread_blocked, id=1920, stack(0x00000031f1600000,0x00000031f1700000)]
  0x000001e71d0c6c10 JavaThread "Signal Dispatcher" daemon [_thread_blocked, id=12340, stack(0x00000031f1700000,0x00000031f1800000)]
  0x000001e71d0c76e0 JavaThread "Attach Listener" daemon [_thread_blocked, id=12704, stack(0x00000031f1800000,0x00000031f1900000)]
  0x000001e722886550 JavaThread "Service Thread" daemon [_thread_blocked, id=2680, stack(0x00000031f1900000,0x00000031f1a00000)]
  0x000001e722886e20 JavaThread "Monitor Deflation Thread" daemon [_thread_blocked, id=9148, stack(0x00000031f1a00000,0x00000031f1b00000)]
  0x000001e72288e060 JavaThread "C2 CompilerThread0" daemon [_thread_blocked, id=8976, stack(0x00000031f1b00000,0x00000031f1c00000)]
  0x000001e7228901d0 JavaThread "C1 CompilerThread0" daemon [_thread_blocked, id=14444, stack(0x00000031f1c00000,0x00000031f1d00000)]
  0x000001e72289b2c0 JavaThread "Sweeper thread" daemon [_thread_blocked, id=8148, stack(0x00000031f1d00000,0x00000031f1e00000)]
  0x000001e7229aa390 JavaThread "Common-Cleaner" daemon [_thread_blocked, id=8240, stack(0x00000031f1e00000,0x00000031f1f00000)]

Other Threads:
  0x000001e71d09e2e0 VMThread "VM Thread" [stack: 0x00000031f1400000,0x00000031f1500000] [id=14488]
  0x000001e7072f1860 GCTaskThread "GC Thread#0" [stack: 0x00000031f1300000,0x00000031f1400000] [id=6072]

Threads with active compile tasks:

VM state: not at safepoint (normal execution)

VM Mutex/Monitor currently owned by a thread:  ([mutex/lock_event])
[0x000001e7072d6910] Metaspace_lock - owner thread: 0x000001e7072db410

Heap address: 0x00000000c0000000, size: 1024 MB, Compressed Oops mode: 32-bit

CDS archive(s) not mapped
Compressed class space mapped at: 0x0000000100000000-0x0000000140000000, reserved size: 1073741824
Narrow klass base: 0x0000000000000000, Narrow klass shift: 3, Narrow klass range: 0x140000000

GC Precious Log:
 CPUs: 6 total, 6 available
 Memory: 4094M
 Large Page Support: Disabled
 NUMA Support: Disabled
 Compressed Oops: Enabled (32-bit)
 Alignments: Space 512K, Generation 512K, Heap 2M
 Heap Min Capacity: 100M
 Heap Initial Capacity: 100M
 Heap Max Capacity: 1G
 Pre-touch: Disabled
 Parallel Workers: 6

Heap:
 PSYoungGen      total 29696K, used 6100K [0x00000000eab00000, 0x00000000ecc00000, 0x0000000100000000)
  eden space 25600K, 23% used [0x00000000eab00000,0x00000000eb0f52f8,0x00000000ec400000)
  from space 4096K, 0% used [0x00000000ec800000,0x00000000ec800000,0x00000000ecc00000)
  to   space 4096K, 0% used [0x00000000ec400000,0x00000000ec400000,0x00000000ec800000)
 ParOldGen       total 68608K, used 0K [0x00000000c0000000, 0x00000000c4300000, 0x00000000eab00000)
  object space 68608K, 0% used [0x00000000c0000000,0x00000000c0000000,0x00000000c4300000)
 Metaspace       used 6102K, committed 6208K, reserved 1114112K
  class space    used 592K, committed 640K, reserved 1048576K

Card table byte_map: [0x000001e71a940000,0x000001e71ab50000] _byte_map_base: 0x000001e71a340000

Marking Bits: (ParMarkBitMap*) 0x00007ff8e00258b0
 Begin Bits: [0x000001e71acb0000, 0x000001e71bcb0000)
 End Bits:   [0x000001e71bcb0000, 0x000001e71ccb0000)

Polling page: 0x000001e70b730000

Metaspace:

Usage:
  Non-class:      5.38 MB used.
      Class:    592.02 KB used.
       Both:      5.96 MB used.

Virtual space:
  Non-class space:       64.00 MB reserved,       5.44 MB (  8%) committed,  1 nodes.
      Class space:        1.00 GB reserved,     640.00 KB ( <1%) committed,  1 nodes.
             Both:        1.06 GB reserved,       6.06 MB ( <1%) committed. 

Chunk freelists:
   Non-Class:  10.31 MB
       Class:  15.23 MB
        Both:  25.54 MB

MaxMetaspaceSize: unlimited
CompressedClassSpaceSize: 1.00 GB
Initial GC threshold: 21.00 MB
Current GC threshold: 21.00 MB
CDS: off
MetaspaceReclaimPolicy: balanced
 - commit_granule_bytes: 65536.
 - commit_granule_words: 8192.
 - virtual_space_node_default_size: 8388608.
 - enlarge_chunks_in_place: 1.
 - new_chunks_are_fully_committed: 0.
 - uncommit_free_chunks: 1.
 - use_allocation_guard: 0.
 - handle_deallocations: 1.


Internal statistics:

num_allocs_failed_limit: 0.
num_arena_births: 10.
num_arena_deaths: 0.
num_vsnodes_births: 2.
num_vsnodes_deaths: 0.
num_space_committed: 97.
num_space_uncommitted: 0.
num_chunks_returned_to_freelist: 0.
num_chunks_taken_from_freelist: 31.
num_chunk_merges: 0.
num_chunk_splits: 18.
num_chunks_enlarged: 17.
num_inconsistent_stats: 0.

CodeHeap 'non-profiled nmethods': size=120000Kb used=105Kb max_used=105Kb free=119894Kb
 bounds [0x000001e713220000, 0x000001e713490000, 0x000001e71a750000]
CodeHeap 'profiled nmethods': size=120000Kb used=433Kb max_used=433Kb free=119566Kb
 bounds [0x000001e70b750000, 0x000001e70b9c0000, 0x000001e712c80000]
CodeHeap 'non-nmethods': size=5760Kb used=1106Kb max_used=1121Kb free=4653Kb
 bounds [0x000001e712c80000, 0x000001e712ef0000, 0x000001e713220000]
 total_blobs=729 nmethods=357 adapters=287
 compilation: enabled
              stopped_count=0, restarted_count=0
 full_count=0

Compilation events (20 events):
Event: 2.198 Thread 0x000001e72288e060  348       4       jdk.internal.jimage.ImageLocation::readValue (61 bytes)
Event: 2.205 Thread 0x000001e72288e060 nmethod 348 0x000001e713239010 code [0x000001e713239180, 0x000001e7132393d8]
Event: 2.224 Thread 0x000001e7228901d0  349 %     3       lombok.launch.PackageShader::apply @ 154 (252 bytes)
Event: 2.227 Thread 0x000001e7228901d0 nmethod 349% 0x000001e70b7b7490 code [0x000001e70b7b7700, 0x000001e70b7b8748]
Event: 2.229 Thread 0x000001e7228901d0  350       3       java.lang.Character::getType (9 bytes)
Event: 2.229 Thread 0x000001e72288e060  352       4       java.lang.StringBuilder::append (8 bytes)
Event: 2.229 Thread 0x000001e7228901d0 nmethod 350 0x000001e70b7b8f90 code [0x000001e70b7b9140, 0x000001e70b7b9338]
Event: 2.229 Thread 0x000001e7228901d0  351       3       java.lang.CharacterDataLatin1::getType (11 bytes)
Event: 2.230 Thread 0x000001e7228901d0 nmethod 351 0x000001e70b7b9410 code [0x000001e70b7b95c0, 0x000001e70b7b9778]
Event: 2.235 Thread 0x000001e72288e060 nmethod 352 0x000001e713239590 code [0x000001e713239720, 0x000001e713239c08]
Event: 2.242 Thread 0x000001e7228901d0  353       3       lombok.launch.PackageShader::apply (252 bytes)
Event: 2.245 Thread 0x000001e7228901d0 nmethod 353 0x000001e70b7b9890 code [0x000001e70b7b9ac0, 0x000001e70b7ba5c8]
Event: 2.253 Thread 0x000001e7228901d0  355       3       java.lang.String::regionMatches (150 bytes)
Event: 2.255 Thread 0x000001e7228901d0 nmethod 355 0x000001e70b7bab90 code [0x000001e70b7bade0, 0x000001e70b7bb5e8]
Event: 2.256 Thread 0x000001e7228901d0  354       1       java.net.URI::getScheme (5 bytes)
Event: 2.256 Thread 0x000001e7228901d0 nmethod 354 0x000001e713239f10 code [0x000001e71323a0a0, 0x000001e71323a178]
Event: 2.258 Thread 0x000001e7228901d0  356       3       java.net.URI$Parser::checkChars (44 bytes)
Event: 2.259 Thread 0x000001e7228901d0 nmethod 356 0x000001e70b7bb890 code [0x000001e70b7bbac0, 0x000001e70b7bc108]
Event: 2.262 Thread 0x000001e7228901d0  358       3       java.lang.invoke.MethodType::parameterCount (6 bytes)
Event: 2.262 Thread 0x000001e7228901d0 nmethod 358 0x000001e70b7bc390 code [0x000001e70b7bc520, 0x000001e70b7bc638]

GC Heap History (0 events):
No events

Dll operation events (8 events):
Event: 0.017 Loaded shared library c:\Users\Subhankar\.vscode\extensions\redhat.java-1.35.1-win32-x64\jre\17.0.12-win32-x86_64\bin\java.dll
Event: 1.227 Loaded shared library c:\Users\Subhankar\.vscode\extensions\redhat.java-1.35.1-win32-x64\jre\17.0.12-win32-x86_64\bin\zip.dll
Event: 1.245 Loaded shared library C:\Users\Subhankar\.vscode\extensions\redhat.java-1.35.1-win32-x64\jre\17.0.12-win32-x86_64\bin\instrument.dll
Event: 1.308 Loaded shared library C:\Users\Subhankar\.vscode\extensions\redhat.java-1.35.1-win32-x64\jre\17.0.12-win32-x86_64\bin\net.dll
Event: 1.325 Loaded shared library C:\Users\Subhankar\.vscode\extensions\redhat.java-1.35.1-win32-x64\jre\17.0.12-win32-x86_64\bin\nio.dll
Event: 1.364 Loaded shared library C:\Users\Subhankar\.vscode\extensions\redhat.java-1.35.1-win32-x64\jre\17.0.12-win32-x86_64\bin\zip.dll
Event: 1.582 Loaded shared library C:\Users\Subhankar\.vscode\extensions\redhat.java-1.35.1-win32-x64\jre\17.0.12-win32-x86_64\bin\jimage.dll
Event: 2.039 Loaded shared library c:\Users\Subhankar\.vscode\extensions\redhat.java-1.35.1-win32-x64\jre\17.0.12-win32-x86_64\bin\verify.dll

Deoptimization events (0 events):
No events

Classes loaded (20 events):
Event: 2.116 Loading class java/lang/UnsupportedOperationException done
Event: 2.170 Loading class java/lang/instrument/UnmodifiableClassException
Event: 2.171 Loading class java/lang/instrument/UnmodifiableClassException done
Event: 2.171 Loading class java/lang/instrument/ClassDefinition
Event: 2.175 Loading class java/lang/instrument/ClassDefinition done
Event: 2.198 Loading class java/net/URLClassLoader
Event: 2.198 Loading class java/net/URLClassLoader done
Event: 2.260 Loading class java/util/regex/Pattern$Qtype
Event: 2.260 Loading class java/util/regex/Pattern$Qtype done
Event: 2.261 Loading class java/util/regex/Pattern$BmpCharPropertyGreedy
Event: 2.261 Loading class java/util/regex/Pattern$CharPropertyGreedy
Event: 2.261 Loading class java/util/regex/Pattern$CharPropertyGreedy done
Event: 2.261 Loading class java/util/regex/Pattern$BmpCharPropertyGreedy done
Event: 2.261 Loading class java/util/regex/Pattern$GroupTail
Event: 2.261 Loading class java/util/regex/Pattern$GroupTail done
Event: 2.261 Loading class java/util/regex/Pattern$BitClass
Event: 2.261 Loading class java/util/regex/Pattern$BitClass done
Event: 2.262 Loading class java/util/regex/Pattern$BranchConn
Event: 2.262 Loading class java/util/regex/Pattern$BranchConn done
Event: 2.262 Loading class java/util/regex/Pattern$Branch

Classes unloaded (0 events):
No events

Classes redefined (0 events):
No events

Internal exceptions (2 events):
Event: 1.093 Thread 0x000001e7072db410 Exception <a 'java/lang/NoSuchMethodError'{0x00000000eacb4c38}: 'void java.lang.invoke.DirectMethodHandle$Holder.invokeStatic(java.lang.Object, java.lang.Object, java.lang.Object)'> (0x00000000eacb4c38) 
thrown [s\src\hotspot\share\interpreter\linkResolver.cpp, line 759]
Event: 2.179 Thread 0x000001e7072db410 Exception <a 'java/lang/reflect/InvocationTargetException'{0x00000000eafe7af8}> (0x00000000eafe7af8) 
thrown [s\src\hotspot\share\runtime\reflection.cpp, line 1128]

VM Operations (6 events):
Event: 1.107 Executing VM operation: HandshakeAllThreads
Event: 1.107 Executing VM operation: HandshakeAllThreads done
Event: 1.697 Executing VM operation: HandshakeAllThreads
Event: 1.698 Executing VM operation: HandshakeAllThreads done
Event: 1.698 Executing VM operation: Cleanup
Event: 1.698 Executing VM operation: Cleanup done

Events (11 events):
Event: 0.244 Thread 0x000001e7072db410 Thread added: 0x000001e7072db410
Event: 0.468 Thread 0x000001e70739eaa0 Thread added: 0x000001e70739eaa0
Event: 0.469 Thread 0x000001e71d0b22b0 Thread added: 0x000001e71d0b22b0
Event: 0.603 Thread 0x000001e71d0c6c10 Thread added: 0x000001e71d0c6c10
Event: 0.603 Thread 0x000001e71d0c76e0 Thread added: 0x000001e71d0c76e0
Event: 0.603 Thread 0x000001e722886550 Thread added: 0x000001e722886550
Event: 0.603 Thread 0x000001e722886e20 Thread added: 0x000001e722886e20
Event: 0.605 Thread 0x000001e72288e060 Thread added: 0x000001e72288e060
Event: 0.605 Thread 0x000001e7228901d0 Thread added: 0x000001e7228901d0
Event: 0.605 Thread 0x000001e72289b2c0 Thread added: 0x000001e72289b2c0
Event: 1.036 Thread 0x000001e7229aa390 Thread added: 0x000001e7229aa390


Dynamic libraries:
0x00007ff7b2e00000 - 0x00007ff7b2e0e000 	c:\Users\Subhankar\.vscode\extensions\redhat.java-1.35.1-win32-x64\jre\17.0.12-win32-x86_64\bin\java.exe
0x00007ff92e250000 - 0x00007ff92e448000 	C:\Windows\SYSTEM32\ntdll.dll
0x00007ff92c820000 - 0x00007ff92c8e1000 	C:\Windows\System32\KERNEL32.DLL
0x00007ff92bb10000 - 0x00007ff92be0d000 	C:\Windows\System32\KERNELBASE.dll
0x00007ff92be10000 - 0x00007ff92bf10000 	C:\Windows\System32\ucrtbase.dll
0x00007ff9203e0000 - 0x00007ff9203f7000 	c:\Users\Subhankar\.vscode\extensions\redhat.java-1.35.1-win32-x64\jre\17.0.12-win32-x86_64\bin\jli.dll
0x00007ff92da60000 - 0x00007ff92dbfd000 	C:\Windows\System32\USER32.dll
0x00007ff92bf10000 - 0x00007ff92bf32000 	C:\Windows\System32\win32u.dll
0x00007ff92cf10000 - 0x00007ff92cf3b000 	C:\Windows\System32\GDI32.dll
0x00007ff92c0c0000 - 0x00007ff92c1d7000 	C:\Windows\System32\gdi32full.dll
0x00007ff920400000 - 0x00007ff92041b000 	c:\Users\Subhankar\.vscode\extensions\redhat.java-1.35.1-win32-x64\jre\17.0.12-win32-x86_64\bin\VCRUNTIME140.dll
0x00007ff92bf40000 - 0x00007ff92bfdd000 	C:\Windows\System32\msvcp_win.dll
0x00007ff9199f0000 - 0x00007ff919c8a000 	C:\Windows\WinSxS\amd64_microsoft.windows.common-controls_6595b64144ccf1df_6.0.19041.4355_none_60b8b9eb71f62e16\COMCTL32.dll
0x00007ff92dc00000 - 0x00007ff92dc9e000 	C:\Windows\System32\msvcrt.dll
0x00007ff92da30000 - 0x00007ff92da5f000 	C:\Windows\System32\IMM32.DLL
0x00007ff9203d0000 - 0x00007ff9203dc000 	c:\Users\Subhankar\.vscode\extensions\redhat.java-1.35.1-win32-x64\jre\17.0.12-win32-x86_64\bin\vcruntime140_1.dll
0x00007ff8e00f0000 - 0x00007ff8e017d000 	c:\Users\Subhankar\.vscode\extensions\redhat.java-1.35.1-win32-x64\jre\17.0.12-win32-x86_64\bin\msvcp140.dll
0x00007ff8df480000 - 0x00007ff8e00ea000 	c:\Users\Subhankar\.vscode\extensions\redhat.java-1.35.1-win32-x64\jre\17.0.12-win32-x86_64\bin\server\jvm.dll
0x00007ff92e0c0000 - 0x00007ff92e170000 	C:\Windows\System32\ADVAPI32.dll
0x00007ff92e170000 - 0x00007ff92e210000 	C:\Windows\System32\sechost.dll
0x00007ff92caf0000 - 0x00007ff92cc13000 	C:\Windows\System32\RPCRT4.dll
0x00007ff92c1e0000 - 0x00007ff92c207000 	C:\Windows\System32\bcrypt.dll
0x00007ff92e050000 - 0x00007ff92e0bb000 	C:\Windows\System32\WS2_32.dll
0x00007ff92b760000 - 0x00007ff92b7ab000 	C:\Windows\SYSTEM32\POWRPROF.dll
0x00007ff9123d0000 - 0x00007ff9123f7000 	C:\Windows\SYSTEM32\WINMM.dll
0x00007ff922420000 - 0x00007ff92242a000 	C:\Windows\SYSTEM32\VERSION.dll
0x00007ff92b740000 - 0x00007ff92b752000 	C:\Windows\SYSTEM32\UMPDC.dll
0x00007ff929740000 - 0x00007ff929752000 	C:\Windows\SYSTEM32\kernel.appcore.dll
0x00007ff9203c0000 - 0x00007ff9203ca000 	c:\Users\Subhankar\.vscode\extensions\redhat.java-1.35.1-win32-x64\jre\17.0.12-win32-x86_64\bin\jimage.dll
0x00007ff9289e0000 - 0x00007ff928bc4000 	C:\Windows\SYSTEM32\DBGHELP.DLL
0x00007ff9289a0000 - 0x00007ff9289d4000 	C:\Windows\SYSTEM32\dbgcore.DLL
0x00007ff92bfe0000 - 0x00007ff92c062000 	C:\Windows\System32\bcryptPrimitives.dll
0x00007ff91f990000 - 0x00007ff91f99e000 	c:\Users\Subhankar\.vscode\extensions\redhat.java-1.35.1-win32-x64\jre\17.0.12-win32-x86_64\bin\instrument.dll
0x00007ff8e02d0000 - 0x00007ff8e02f5000 	c:\Users\Subhankar\.vscode\extensions\redhat.java-1.35.1-win32-x64\jre\17.0.12-win32-x86_64\bin\java.dll
0x00007ff8e02b0000 - 0x00007ff8e02c8000 	c:\Users\Subhankar\.vscode\extensions\redhat.java-1.35.1-win32-x64\jre\17.0.12-win32-x86_64\bin\zip.dll
0x00007ff92d2c0000 - 0x00007ff92da2f000 	C:\Windows\System32\SHELL32.dll
0x00007ff929940000 - 0x00007ff92a0e3000 	C:\Windows\SYSTEM32\windows.storage.dll
0x00007ff92cf40000 - 0x00007ff92d293000 	C:\Windows\System32\combase.dll
0x00007ff92b180000 - 0x00007ff92b1ae000 	C:\Windows\SYSTEM32\Wldp.dll
0x00007ff92df80000 - 0x00007ff92e04d000 	C:\Windows\System32\OLEAUT32.dll
0x00007ff92c750000 - 0x00007ff92c7fd000 	C:\Windows\System32\SHCORE.dll
0x00007ff92ca20000 - 0x00007ff92ca75000 	C:\Windows\System32\shlwapi.dll
0x00007ff92b830000 - 0x00007ff92b854000 	C:\Windows\SYSTEM32\profapi.dll
0x00007ff8e0290000 - 0x00007ff8e02a9000 	C:\Users\Subhankar\.vscode\extensions\redhat.java-1.35.1-win32-x64\jre\17.0.12-win32-x86_64\bin\net.dll
0x00007ff922d10000 - 0x00007ff922e1d000 	C:\Windows\SYSTEM32\WINHTTP.dll
0x00007ff92af60000 - 0x00007ff92afca000 	C:\Windows\system32\mswsock.dll
0x00007ff8df460000 - 0x00007ff8df476000 	C:\Users\Subhankar\.vscode\extensions\redhat.java-1.35.1-win32-x64\jre\17.0.12-win32-x86_64\bin\nio.dll
0x00007ff91f980000 - 0x00007ff91f990000 	c:\Users\Subhankar\.vscode\extensions\redhat.java-1.35.1-win32-x64\jre\17.0.12-win32-x86_64\bin\verify.dll

dbghelp: loaded successfully - version: 4.0.5 - missing functions: none
symbol engine: initialized successfully - sym options: 0x614 - pdb path: .;c:\Users\Subhankar\.vscode\extensions\redhat.java-1.35.1-win32-x64\jre\17.0.12-win32-x86_64\bin;C:\Windows\SYSTEM32;C:\Windows\WinSxS\amd64_microsoft.windows.common-controls_6595b64144ccf1df_6.0.19041.4355_none_60b8b9eb71f62e16;c:\Users\Subhankar\.vscode\extensions\redhat.java-1.35.1-win32-x64\jre\17.0.12-win32-x86_64\bin\server

VM Arguments:
jvm_args: --add-modules=ALL-SYSTEM --add-opens=java.base/java.util=ALL-UNNAMED --add-opens=java.base/java.lang=ALL-UNNAMED --add-opens=java.base/sun.nio.fs=ALL-UNNAMED -Declipse.application=org.eclipse.jdt.ls.core.id1 -Dosgi.bundles.defaultStartLevel=4 -Declipse.product=org.eclipse.jdt.ls.core.product -Djava.import.generatesMetadataFilesAtProjectRoot=false -DDetectVMInstallationsJob.disabled=true -Dfile.encoding=utf8 -XX:+UseParallelGC -XX:GCTimeRatio=4 -XX:AdaptiveSizePolicyWeight=90 -Dsun.zip.disableMemoryMapping=true -Xmx1G -Xms100m -Xlog:disable -javaagent:c:\Users\Subhankar\.vscode\extensions\redhat.java-1.35.1-win32-x64\lombok\lombok-1.18.33.jar -XX:+HeapDumpOnOutOfMemoryError -XX:HeapDumpPath=c:\Users\Subhankar\AppData\Roaming\Code\User\workspaceStorage\e66e02d49506df39e406fb51e85f1d06\redhat.java -Daether.dependencyCollector.impl=bf 
java_command: c:\Users\Subhankar\.vscode\extensions\redhat.java-1.35.1-win32-x64\server\plugins\org.eclipse.equinox.launcher_1.6.900.v20240613-2009.jar -configuration c:\Users\Subhankar\AppData\Roaming\Code\User\globalStorage\redhat.java\1.35.1\config_win -data c:\Users\Subhankar\AppData\Roaming\Code\User\workspaceStorage\e66e02d49506df39e406fb51e85f1d06\redhat.java\jdt_ws --pipe=\\.\pipe\lsp-5e80cc41c32d200a6c5bc99f327ac285-sock
java_class_path (initial): c:\Users\Subhankar\.vscode\extensions\redhat.java-1.35.1-win32-x64\server\plugins\org.eclipse.equinox.launcher_1.6.900.v20240613-2009.jar
Launcher Type: SUN_STANDARD

[Global flags]
    uintx AdaptiveSizePolicyWeight                 = 90                                        {product} {command line}
     intx CICompilerCount                          = 3                                         {product} {ergonomic}
    uintx GCTimeRatio                              = 4                                         {product} {command line}
     bool HeapDumpOnOutOfMemoryError               = true                                   {manageable} {command line}
    ccstr HeapDumpPath                             = c:\Users\Subhankar\AppData\Roaming\Code\User\workspaceStorage\e66e02d49506df39e406fb51e85f1d06\redhat.java         {manageable} {command line}
   size_t InitialHeapSize                          = 104857600                                 {product} {command line}
   size_t MaxHeapSize                              = 1073741824                                {product} {command line}
   size_t MaxNewSize                               = 357564416                                 {product} {ergonomic}
   size_t MinHeapDeltaBytes                        = 524288                                    {product} {ergonomic}
   size_t MinHeapSize                              = 104857600                                 {product} {command line}
   size_t NewSize                                  = 34603008                                  {product} {ergonomic}
    uintx NonNMethodCodeHeapSize                   = 5832780                                {pd product} {ergonomic}
    uintx NonProfiledCodeHeapSize                  = 122912730                              {pd product} {ergonomic}
   size_t OldSize                                  = 70254592                                  {product} {ergonomic}
    uintx ProfiledCodeHeapSize                     = 122912730                              {pd product} {ergonomic}
    uintx ReservedCodeCacheSize                    = 251658240                              {pd product} {ergonomic}
     bool SegmentedCodeCache                       = true                                      {product} {ergonomic}
   size_t SoftMaxHeapSize                          = 1073741824                             {manageable} {ergonomic}
     bool UseCompressedClassPointers               = true                           {product lp64_product} {ergonomic}
     bool UseCompressedOops                        = true                           {product lp64_product} {ergonomic}
     bool UseLargePagesIndividualAllocation        = false                                  {pd product} {ergonomic}
     bool UseParallelGC                            = true                                      {product} {command line}

Logging:
Log output configuration:
 #0: stdout all=off uptime,level,tags
 #1: stderr all=off uptime,level,tags

Environment Variables:
PATH=C:\Program Files\Common Files\Oracle\Java\javapath;C:\Windows\system32;C:\Windows;C:\Windows\System32\Wbem;C:\Windows\System32\WindowsPowerShell\v1.0\;C:\Windows\System32\OpenSSH\;C:\Program Files\Docker\Docker\resources\bin;C:\Program Files\Git\cmd;C:\Users\Subhankar\AppData\Local\Microsoft\WindowsApps;C:\Users\Subhankar\AppData\Local\Programs\Microsoft VS Code\bin;C:\Program Files\JetBrains\IntelliJ IDEA 2024.2\bin;
USERNAME=Subhankar
OS=Windows_NT
PROCESSOR_IDENTIFIER=Intel64 Family 6 Model 140 Stepping 1, GenuineIntel
TMP=C:\Users\SUBHAN~1\AppData\Local\Temp
TEMP=C:\Users\SUBHAN~1\AppData\Local\Temp



Periodic native trim disabled


---------------  S Y S T E M  ---------------

OS:
 Windows 10 , 64 bit Build 19041 (10.0.19041.4842)
OS uptime: 0 days 4:58 hours
Hyper-V role detected

CPU: total 6 (initial active 6) (4 cores per cpu, 2 threads per core) family 6 model 140 stepping 1 microcode 0xffffffff, cx8, cmov, fxsr, ht, mmx, 3dnowpref, sse, sse2, sse3, ssse3, sse4.1, sse4.2, popcnt, lzcnt, tsc, tscinvbit, avx, avx2, aes, erms, clmul, bmi1, bmi2, adx, avx512f, avx512dq, avx512cd, avx512bw, avx512vl, sha, fma, vzeroupper, avx512_vpopcntdq, avx512_vpclmulqdq, avx512_vaes, avx512_vnni, clflush, clflushopt, clwb, avx512_vbmi2, avx512_vbmi, hv
Processor Information for all 6 processors :
  Max Mhz: 1498, Current Mhz: 1498, Mhz Limit: 1498

Memory: 4k page, system-wide physical 4094M (115M free)
TotalPageFile size 12206M (AvailPageFile size 8M)
current process WorkingSet (physical memory assigned to process): 37M, peak: 37M
current process commit charge ("private bytes"): 179M, peak: 179M

vm_info: OpenJDK 64-Bit Server VM (17.0.12+7) for windows-amd64 JRE (17.0.12+7), built on Jul 16 2024 22:08:24 by "admin" with MS VC++ 16.10 / 16.11 (VS2019)

END.
